<?xml version="1.0" encoding="UTF-8"?>
<testsuite name="com.tumblebuck.web.IndexControllerTest" tests="1" skipped="0" failures="0" errors="0" timestamp="2020-12-02T15:23:52" hostname="DESKTOP-AAHBB7S" time="0.122">
  <properties/>
  <testcase name="메인페이지_로딩" classname="com.tumblebuck.web.IndexControllerTest" time="0.122"/>
  <system-out><![CDATA[2020-12-03 00:23:52.672  INFO 15464 --- [    Test worker] .b.t.c.SpringBootTestContextBootstrapper : Neither @ContextConfiguration nor @ContextHierarchy found for test class [com.tumblebuck.web.IndexControllerTest], using SpringBootContextLoader
2020-12-03 00:23:52.674  INFO 15464 --- [    Test worker] o.s.t.c.support.AbstractContextLoader    : Could not detect default resource locations for test class [com.tumblebuck.web.IndexControllerTest]: no resource found for suffixes {-context.xml, Context.groovy}.
2020-12-03 00:23:52.675  INFO 15464 --- [    Test worker] t.c.s.AnnotationConfigContextLoaderUtils : Could not detect default configuration classes for test class [com.tumblebuck.web.IndexControllerTest]: IndexControllerTest does not declare any static, non-private, non-final, nested classes annotated with @Configuration.
2020-12-03 00:23:52.678  INFO 15464 --- [    Test worker] .b.t.c.SpringBootTestContextBootstrapper : Found @SpringBootConfiguration com.tumblebuck.Application for test class com.tumblebuck.web.IndexControllerTest
2020-12-03 00:23:52.680  INFO 15464 --- [    Test worker] .b.t.c.SpringBootTestContextBootstrapper : Loaded default TestExecutionListener class names from location [META-INF/spring.factories]: [org.springframework.boot.test.autoconfigure.restdocs.RestDocsTestExecutionListener, org.springframework.boot.test.autoconfigure.web.client.MockRestServiceServerResetTestExecutionListener, org.springframework.boot.test.autoconfigure.web.servlet.MockMvcPrintOnlyOnFailureTestExecutionListener, org.springframework.boot.test.autoconfigure.web.servlet.WebDriverTestExecutionListener, org.springframework.boot.test.mock.mockito.MockitoTestExecutionListener, org.springframework.boot.test.mock.mockito.ResetMocksTestExecutionListener, org.springframework.test.context.web.ServletTestExecutionListener, org.springframework.test.context.support.DirtiesContextBeforeModesTestExecutionListener, org.springframework.test.context.support.DependencyInjectionTestExecutionListener, org.springframework.test.context.support.DirtiesContextTestExecutionListener, org.springframework.test.context.transaction.TransactionalTestExecutionListener, org.springframework.test.context.jdbc.SqlScriptsTestExecutionListener]
2020-12-03 00:23:52.681  INFO 15464 --- [    Test worker] .b.t.c.SpringBootTestContextBootstrapper : Using TestExecutionListeners: [org.springframework.test.context.web.ServletTestExecutionListener@53eed815, org.springframework.test.context.support.DirtiesContextBeforeModesTestExecutionListener@2b582e51, org.springframework.boot.test.mock.mockito.MockitoTestExecutionListener@11c300d0, org.springframework.boot.test.autoconfigure.SpringBootDependencyInjectionTestExecutionListener@73c829b7, org.springframework.test.context.support.DirtiesContextTestExecutionListener@564369ab, org.springframework.test.context.transaction.TransactionalTestExecutionListener@3c03ef94, org.springframework.test.context.jdbc.SqlScriptsTestExecutionListener@35cfad44, org.springframework.boot.test.autoconfigure.restdocs.RestDocsTestExecutionListener@7f8bfdb, org.springframework.boot.test.autoconfigure.web.client.MockRestServiceServerResetTestExecutionListener@4abb90be, org.springframework.boot.test.autoconfigure.web.servlet.MockMvcPrintOnlyOnFailureTestExecutionListener@69e7b932, org.springframework.boot.test.autoconfigure.web.servlet.WebDriverTestExecutionListener@210a8cc7, org.springframework.boot.test.mock.mockito.ResetMocksTestExecutionListener@634ef95a]
Hibernate: 
    /* SELECT
        p 
    FROM
        Posts p 
    ORDER BY
        p.id DESC */ select
            posts0_.id as id1_0_,
            posts0_.create_date as create_d2_0_,
            posts0_.modified_date as modified3_0_,
            posts0_.author as author4_0_,
            posts0_.content as content5_0_,
            posts0_.title as title6_0_ 
        from
            posts posts0_ 
        order by
            posts0_.id DESC
]]></system-out>
  <system-err><![CDATA[]]></system-err>
</testsuite>
