<?xml version="1.0" encoding="UTF-8"?>
<testsuite name="com.tumblebuck.web.IndexControllerTest" tests="1" skipped="0" failures="0" errors="0" timestamp="2020-12-02T09:42:23" hostname="DESKTOP-AAHBB7S" time="0.089">
  <properties/>
  <testcase name="메인페이지_로딩" classname="com.tumblebuck.web.IndexControllerTest" time="0.089"/>
  <system-out><![CDATA[2020-12-02 18:42:23.253  INFO 10076 --- [    Test worker] .b.t.c.SpringBootTestContextBootstrapper : Neither @ContextConfiguration nor @ContextHierarchy found for test class [com.tumblebuck.web.IndexControllerTest], using SpringBootContextLoader
2020-12-02 18:42:23.254  INFO 10076 --- [    Test worker] o.s.t.c.support.AbstractContextLoader    : Could not detect default resource locations for test class [com.tumblebuck.web.IndexControllerTest]: no resource found for suffixes {-context.xml, Context.groovy}.
2020-12-02 18:42:23.255  INFO 10076 --- [    Test worker] t.c.s.AnnotationConfigContextLoaderUtils : Could not detect default configuration classes for test class [com.tumblebuck.web.IndexControllerTest]: IndexControllerTest does not declare any static, non-private, non-final, nested classes annotated with @Configuration.
2020-12-02 18:42:23.257  INFO 10076 --- [    Test worker] .b.t.c.SpringBootTestContextBootstrapper : Found @SpringBootConfiguration com.tumblebuck.Application for test class com.tumblebuck.web.IndexControllerTest
2020-12-02 18:42:23.259  INFO 10076 --- [    Test worker] .b.t.c.SpringBootTestContextBootstrapper : Loaded default TestExecutionListener class names from location [META-INF/spring.factories]: [org.springframework.boot.test.autoconfigure.restdocs.RestDocsTestExecutionListener, org.springframework.boot.test.autoconfigure.web.client.MockRestServiceServerResetTestExecutionListener, org.springframework.boot.test.autoconfigure.web.servlet.MockMvcPrintOnlyOnFailureTestExecutionListener, org.springframework.boot.test.autoconfigure.web.servlet.WebDriverTestExecutionListener, org.springframework.boot.test.mock.mockito.MockitoTestExecutionListener, org.springframework.boot.test.mock.mockito.ResetMocksTestExecutionListener, org.springframework.test.context.web.ServletTestExecutionListener, org.springframework.test.context.support.DirtiesContextBeforeModesTestExecutionListener, org.springframework.test.context.support.DependencyInjectionTestExecutionListener, org.springframework.test.context.support.DirtiesContextTestExecutionListener, org.springframework.test.context.transaction.TransactionalTestExecutionListener, org.springframework.test.context.jdbc.SqlScriptsTestExecutionListener]
2020-12-02 18:42:23.260  INFO 10076 --- [    Test worker] .b.t.c.SpringBootTestContextBootstrapper : Using TestExecutionListeners: [org.springframework.test.context.web.ServletTestExecutionListener@11d172e4, org.springframework.test.context.support.DirtiesContextBeforeModesTestExecutionListener@45567fe0, org.springframework.boot.test.mock.mockito.MockitoTestExecutionListener@2402dd0e, org.springframework.boot.test.autoconfigure.SpringBootDependencyInjectionTestExecutionListener@6477d625, org.springframework.test.context.support.DirtiesContextTestExecutionListener@7eabce1d, org.springframework.test.context.transaction.TransactionalTestExecutionListener@8f40757, org.springframework.test.context.jdbc.SqlScriptsTestExecutionListener@3aac41ea, org.springframework.boot.test.autoconfigure.restdocs.RestDocsTestExecutionListener@60b06e64, org.springframework.boot.test.autoconfigure.web.client.MockRestServiceServerResetTestExecutionListener@40cb9f49, org.springframework.boot.test.autoconfigure.web.servlet.MockMvcPrintOnlyOnFailureTestExecutionListener@68adf6b8, org.springframework.boot.test.autoconfigure.web.servlet.WebDriverTestExecutionListener@30d64956, org.springframework.boot.test.mock.mockito.ResetMocksTestExecutionListener@53f6d266]
Hibernate: 
    /* SELECT
        p 
    FROM
        Posts p 
    ORDER BY
        p.id DESC */ select
            posts0_.id as id1_0_,
            posts0_.create_date as create_d2_0_,
            posts0_.modified_date as modified3_0_,
            posts0_.author as author4_0_,
            posts0_.content as content5_0_,
            posts0_.title as title6_0_ 
        from
            posts posts0_ 
        order by
            posts0_.id DESC
]]></system-out>
  <system-err><![CDATA[]]></system-err>
</testsuite>
