<?xml version="1.0" encoding="UTF-8"?>
<testsuite name="com.tumblebuck.web.dto.HelloResponseDtoTest" tests="1" skipped="0" failures="0" errors="0" timestamp="2020-12-02T15:23:52" hostname="DESKTOP-AAHBB7S" time="0.007">
  <properties/>
  <testcase name="롬복_기능_테스트" classname="com.tumblebuck.web.dto.HelloResponseDtoTest" time="0.007"/>
  <system-out><![CDATA[]]></system-out>
  <system-err><![CDATA[]]></system-err>
</testsuite>
