<?xml version="1.0" encoding="UTF-8"?>
<testsuite name="com.tumblebuck.domain.posts.PostsRepositoryTest" tests="2" skipped="0" failures="0" errors="0" timestamp="2020-12-02T09:42:23" hostname="DESKTOP-AAHBB7S" time="0.054">
  <properties/>
  <testcase name="게시글저장_불러오기" classname="com.tumblebuck.domain.posts.PostsRepositoryTest" time="0.036"/>
  <testcase name="BaseTimeEntity_등록" classname="com.tumblebuck.domain.posts.PostsRepositoryTest" time="0.017"/>
  <system-out><![CDATA[2020-12-02 18:42:21.460  INFO 10076 --- [    Test worker] .b.t.c.SpringBootTestContextBootstrapper : Neither @ContextConfiguration nor @ContextHierarchy found for test class [com.tumblebuck.domain.posts.PostsRepositoryTest], using SpringBootContextLoader
2020-12-02 18:42:21.462  INFO 10076 --- [    Test worker] o.s.t.c.support.AbstractContextLoader    : Could not detect default resource locations for test class [com.tumblebuck.domain.posts.PostsRepositoryTest]: no resource found for suffixes {-context.xml, Context.groovy}.
2020-12-02 18:42:21.462  INFO 10076 --- [    Test worker] t.c.s.AnnotationConfigContextLoaderUtils : Could not detect default configuration classes for test class [com.tumblebuck.domain.posts.PostsRepositoryTest]: PostsRepositoryTest does not declare any static, non-private, non-final, nested classes annotated with @Configuration.
2020-12-02 18:42:21.476  INFO 10076 --- [    Test worker] .b.t.c.SpringBootTestContextBootstrapper : Found @SpringBootConfiguration com.tumblebuck.Application for test class com.tumblebuck.domain.posts.PostsRepositoryTest
2020-12-02 18:42:21.478  INFO 10076 --- [    Test worker] .b.t.c.SpringBootTestContextBootstrapper : Loaded default TestExecutionListener class names from location [META-INF/spring.factories]: [org.springframework.boot.test.autoconfigure.restdocs.RestDocsTestExecutionListener, org.springframework.boot.test.autoconfigure.web.client.MockRestServiceServerResetTestExecutionListener, org.springframework.boot.test.autoconfigure.web.servlet.MockMvcPrintOnlyOnFailureTestExecutionListener, org.springframework.boot.test.autoconfigure.web.servlet.WebDriverTestExecutionListener, org.springframework.boot.test.mock.mockito.MockitoTestExecutionListener, org.springframework.boot.test.mock.mockito.ResetMocksTestExecutionListener, org.springframework.test.context.web.ServletTestExecutionListener, org.springframework.test.context.support.DirtiesContextBeforeModesTestExecutionListener, org.springframework.test.context.support.DependencyInjectionTestExecutionListener, org.springframework.test.context.support.DirtiesContextTestExecutionListener, org.springframework.test.context.transaction.TransactionalTestExecutionListener, org.springframework.test.context.jdbc.SqlScriptsTestExecutionListener]
2020-12-02 18:42:21.478  INFO 10076 --- [    Test worker] .b.t.c.SpringBootTestContextBootstrapper : Using TestExecutionListeners: [org.springframework.test.context.web.ServletTestExecutionListener@42572847, org.springframework.test.context.support.DirtiesContextBeforeModesTestExecutionListener@7b264091, org.springframework.boot.test.mock.mockito.MockitoTestExecutionListener@26e88322, org.springframework.boot.test.autoconfigure.SpringBootDependencyInjectionTestExecutionListener@2d72b0dd, org.springframework.test.context.support.DirtiesContextTestExecutionListener@569ca024, org.springframework.test.context.transaction.TransactionalTestExecutionListener@1f7740ae, org.springframework.test.context.jdbc.SqlScriptsTestExecutionListener@7de431f1, org.springframework.boot.test.autoconfigure.restdocs.RestDocsTestExecutionListener@452882c8, org.springframework.boot.test.autoconfigure.web.client.MockRestServiceServerResetTestExecutionListener@760687c9, org.springframework.boot.test.autoconfigure.web.servlet.MockMvcPrintOnlyOnFailureTestExecutionListener@5351cb97, org.springframework.boot.test.autoconfigure.web.servlet.WebDriverTestExecutionListener@fe613b5, org.springframework.boot.test.mock.mockito.ResetMocksTestExecutionListener@e59fe43]

  .   ____          _            __ _ _
 /\\ / ___'_ __ _ _(_)_ __  __ _ \ \ \ \
( ( )\___ | '_ | '_| | '_ \/ _` | \ \ \ \
 \\/  ___)| |_)| | | | | || (_| |  ) ) ) )
  '  |____| .__|_| |_|_| |_\__, | / / / /
 =========|_|==============|___/=/_/_/_/
 :: Spring Boot ::        (v2.1.7.RELEASE)

2020-12-02 18:42:21.514  INFO 10076 --- [    Test worker] c.t.domain.posts.PostsRepositoryTest     : Starting PostsRepositoryTest on DESKTOP-AAHBB7S with PID 10076 (started by user in C:\Users\user\IdeaProjects\TumblebuckSpringProject)
2020-12-02 18:42:21.514  INFO 10076 --- [    Test worker] c.t.domain.posts.PostsRepositoryTest     : The following profiles are active: oauth
2020-12-02 18:42:21.771  INFO 10076 --- [    Test worker] .s.d.r.c.RepositoryConfigurationDelegate : Bootstrapping Spring Data repositories in DEFAULT mode.
2020-12-02 18:42:21.796  INFO 10076 --- [    Test worker] .s.d.r.c.RepositoryConfigurationDelegate : Finished Spring Data repository scanning in 25ms. Found 2 repository interfaces.
2020-12-02 18:42:21.900  INFO 10076 --- [    Test worker] trationDelegate$BeanPostProcessorChecker : Bean 'org.springframework.transaction.annotation.ProxyTransactionManagementConfiguration' of type [org.springframework.transaction.annotation.ProxyTransactionManagementConfiguration$$EnhancerBySpringCGLIB$$fd12904a] is not eligible for getting processed by all BeanPostProcessors (for example: not eligible for auto-proxying)
2020-12-02 18:42:21.988  INFO 10076 --- [    Test worker] com.zaxxer.hikari.HikariDataSource       : HikariPool-2 - Starting...
2020-12-02 18:42:21.989  INFO 10076 --- [    Test worker] com.zaxxer.hikari.HikariDataSource       : HikariPool-2 - Start completed.
2020-12-02 18:42:22.016  INFO 10076 --- [    Test worker] o.hibernate.jpa.internal.util.LogHelper  : HHH000204: Processing PersistenceUnitInfo [
	name: default
	...]
2020-12-02 18:42:22.028  INFO 10076 --- [    Test worker] org.hibernate.dialect.Dialect            : HHH000400: Using dialect: org.hibernate.dialect.H2Dialect
Hibernate: 
    
    drop table posts if exists
Hibernate: 
    
    drop table user if exists
Hibernate: 
    
    create table posts (
       id bigint generated by default as identity,
        create_date timestamp,
        modified_date timestamp,
        author varchar(255),
        content TEXT not null,
        title varchar(500) not null,
        primary key (id)
    )
Hibernate: 
    
    create table user (
       id bigint generated by default as identity,
        create_date timestamp,
        modified_date timestamp,
        email varchar(255) not null,
        name varchar(255) not null,
        picture varchar(255),
        role varchar(255) not null,
        primary key (id)
    )
2020-12-02 18:42:22.086  INFO 10076 --- [    Test worker] o.h.t.schema.internal.SchemaCreatorImpl  : HHH000476: Executing import script 'org.hibernate.tool.schema.internal.exec.ScriptSourceInputNonExistentImpl@451ae5f'
2020-12-02 18:42:22.087  INFO 10076 --- [    Test worker] j.LocalContainerEntityManagerFactoryBean : Initialized JPA EntityManagerFactory for persistence unit 'default'
2020-12-02 18:42:22.301  INFO 10076 --- [    Test worker] o.h.h.i.QueryTranslatorFactoryInitiator  : HHH000397: Using ASTQueryTranslatorFactory
2020-12-02 18:42:22.453  INFO 10076 --- [    Test worker] o.s.s.web.DefaultSecurityFilterChain     : Creating filter chain: any request, [org.springframework.security.web.context.request.async.WebAsyncManagerIntegrationFilter@3edf2e62, org.springframework.security.web.context.SecurityContextPersistenceFilter@51847329, org.springframework.security.web.header.HeaderWriterFilter@50560f39, org.springframework.security.web.authentication.logout.LogoutFilter@6f557b36, org.springframework.security.oauth2.client.web.OAuth2AuthorizationRequestRedirectFilter@4b8b7b0c, org.springframework.security.oauth2.client.web.OAuth2LoginAuthenticationFilter@6e6a7b4d, org.springframework.security.web.authentication.ui.DefaultLoginPageGeneratingFilter@1d3a4e83, org.springframework.security.web.authentication.ui.DefaultLogoutPageGeneratingFilter@59207682, org.springframework.security.web.savedrequest.RequestCacheAwareFilter@42a83129, org.springframework.security.web.servletapi.SecurityContextHolderAwareRequestFilter@2267c182, org.springframework.security.web.authentication.AnonymousAuthenticationFilter@49e325b1, org.springframework.security.web.session.SessionManagementFilter@65ab4924, org.springframework.security.web.access.ExceptionTranslationFilter@1dc1cfc7, org.springframework.security.web.access.intercept.FilterSecurityInterceptor@5a27b7ec]
2020-12-02 18:42:22.753  INFO 10076 --- [    Test worker] o.s.s.concurrent.ThreadPoolTaskExecutor  : Initializing ExecutorService 'applicationTaskExecutor'
2020-12-02 18:42:22.773  WARN 10076 --- [    Test worker] aWebConfiguration$JpaWebMvcConfiguration : spring.jpa.open-in-view is enabled by default. Therefore, database queries may be performed during view rendering. Explicitly configure spring.jpa.open-in-view to disable this warning
2020-12-02 18:42:22.809  INFO 10076 --- [    Test worker] o.s.b.a.w.s.WelcomePageHandlerMapping    : Adding welcome page template: index
2020-12-02 18:42:23.179  INFO 10076 --- [    Test worker] s.a.ScheduledAnnotationBeanPostProcessor : No TaskScheduler/ScheduledExecutorService bean found for scheduled processing
2020-12-02 18:42:23.181  INFO 10076 --- [    Test worker] c.t.domain.posts.PostsRepositoryTest     : Started PostsRepositoryTest in 1.7 seconds (JVM running for 13.035)
Hibernate: 
    /* insert com.tumblebuck.domain.posts.Posts
        */ insert 
        into
            posts
            (id, create_date, modified_date, author, content, title) 
        values
            (null, ?, ?, ?, ?, ?)
2020-12-02 18:42:23.199 TRACE 10076 --- [    Test worker] o.h.type.descriptor.sql.BasicBinder      : binding parameter [1] as [TIMESTAMP] - [2020-12-02T18:42:23.198943100]
2020-12-02 18:42:23.200 TRACE 10076 --- [    Test worker] o.h.type.descriptor.sql.BasicBinder      : binding parameter [2] as [TIMESTAMP] - [2020-12-02T18:42:23.198943100]
2020-12-02 18:42:23.200 TRACE 10076 --- [    Test worker] o.h.type.descriptor.sql.BasicBinder      : binding parameter [3] as [VARCHAR] - [jojoldu@gmail.com]
2020-12-02 18:42:23.200 TRACE 10076 --- [    Test worker] o.h.type.descriptor.sql.BasicBinder      : binding parameter [4] as [VARCHAR] - [테스트 본문]
2020-12-02 18:42:23.200 TRACE 10076 --- [    Test worker] o.h.type.descriptor.sql.BasicBinder      : binding parameter [5] as [VARCHAR] - [테스트 게시글]
Hibernate: 
    /* select
        generatedAlias0 
    from
        Posts as generatedAlias0 */ select
            posts0_.id as id1_0_,
            posts0_.create_date as create_d2_0_,
            posts0_.modified_date as modified3_0_,
            posts0_.author as author4_0_,
            posts0_.content as content5_0_,
            posts0_.title as title6_0_ 
        from
            posts posts0_
2020-12-02 18:42:23.209 TRACE 10076 --- [    Test worker] o.h.type.descriptor.sql.BasicExtractor   : extracted value ([id1_0_] : [BIGINT]) - [1]
2020-12-02 18:42:23.211 TRACE 10076 --- [    Test worker] o.h.type.descriptor.sql.BasicExtractor   : extracted value ([create_d2_0_] : [TIMESTAMP]) - [2020-12-02T18:42:23.198943]
2020-12-02 18:42:23.212 TRACE 10076 --- [    Test worker] o.h.type.descriptor.sql.BasicExtractor   : extracted value ([modified3_0_] : [TIMESTAMP]) - [2020-12-02T18:42:23.198943]
2020-12-02 18:42:23.212 TRACE 10076 --- [    Test worker] o.h.type.descriptor.sql.BasicExtractor   : extracted value ([author4_0_] : [VARCHAR]) - [jojoldu@gmail.com]
2020-12-02 18:42:23.212 TRACE 10076 --- [    Test worker] o.h.type.descriptor.sql.BasicExtractor   : extracted value ([content5_0_] : [VARCHAR]) - [테스트 본문]
2020-12-02 18:42:23.213 TRACE 10076 --- [    Test worker] o.h.type.descriptor.sql.BasicExtractor   : extracted value ([title6_0_] : [VARCHAR]) - [테스트 게시글]
Hibernate: 
    /* select
        generatedAlias0 
    from
        Posts as generatedAlias0 */ select
            posts0_.id as id1_0_,
            posts0_.create_date as create_d2_0_,
            posts0_.modified_date as modified3_0_,
            posts0_.author as author4_0_,
            posts0_.content as content5_0_,
            posts0_.title as title6_0_ 
        from
            posts posts0_
2020-12-02 18:42:23.220 TRACE 10076 --- [    Test worker] o.h.type.descriptor.sql.BasicExtractor   : extracted value ([id1_0_] : [BIGINT]) - [1]
2020-12-02 18:42:23.221 TRACE 10076 --- [    Test worker] o.h.type.descriptor.sql.BasicExtractor   : extracted value ([create_d2_0_] : [TIMESTAMP]) - [2020-12-02T18:42:23.198943]
2020-12-02 18:42:23.221 TRACE 10076 --- [    Test worker] o.h.type.descriptor.sql.BasicExtractor   : extracted value ([modified3_0_] : [TIMESTAMP]) - [2020-12-02T18:42:23.198943]
2020-12-02 18:42:23.221 TRACE 10076 --- [    Test worker] o.h.type.descriptor.sql.BasicExtractor   : extracted value ([author4_0_] : [VARCHAR]) - [jojoldu@gmail.com]
2020-12-02 18:42:23.221 TRACE 10076 --- [    Test worker] o.h.type.descriptor.sql.BasicExtractor   : extracted value ([content5_0_] : [VARCHAR]) - [테스트 본문]
2020-12-02 18:42:23.222 TRACE 10076 --- [    Test worker] o.h.type.descriptor.sql.BasicExtractor   : extracted value ([title6_0_] : [VARCHAR]) - [테스트 게시글]
Hibernate: 
    /* delete com.tumblebuck.domain.posts.Posts */ delete 
        from
            posts 
        where
            id=?
2020-12-02 18:42:23.223 TRACE 10076 --- [    Test worker] o.h.type.descriptor.sql.BasicBinder      : binding parameter [1] as [BIGINT] - [1]
Hibernate: 
    /* insert com.tumblebuck.domain.posts.Posts
        */ insert 
        into
            posts
            (id, create_date, modified_date, author, content, title) 
        values
            (null, ?, ?, ?, ?, ?)
2020-12-02 18:42:23.231 TRACE 10076 --- [    Test worker] o.h.type.descriptor.sql.BasicBinder      : binding parameter [1] as [TIMESTAMP] - [2020-12-02T18:42:23.231851300]
2020-12-02 18:42:23.232 TRACE 10076 --- [    Test worker] o.h.type.descriptor.sql.BasicBinder      : binding parameter [2] as [TIMESTAMP] - [2020-12-02T18:42:23.231851300]
2020-12-02 18:42:23.232 TRACE 10076 --- [    Test worker] o.h.type.descriptor.sql.BasicBinder      : binding parameter [3] as [VARCHAR] - [author]
2020-12-02 18:42:23.232 TRACE 10076 --- [    Test worker] o.h.type.descriptor.sql.BasicBinder      : binding parameter [4] as [VARCHAR] - [content]
2020-12-02 18:42:23.232 TRACE 10076 --- [    Test worker] o.h.type.descriptor.sql.BasicBinder      : binding parameter [5] as [VARCHAR] - [title]
Hibernate: 
    /* select
        generatedAlias0 
    from
        Posts as generatedAlias0 */ select
            posts0_.id as id1_0_,
            posts0_.create_date as create_d2_0_,
            posts0_.modified_date as modified3_0_,
            posts0_.author as author4_0_,
            posts0_.content as content5_0_,
            posts0_.title as title6_0_ 
        from
            posts posts0_
2020-12-02 18:42:23.235 TRACE 10076 --- [    Test worker] o.h.type.descriptor.sql.BasicExtractor   : extracted value ([id1_0_] : [BIGINT]) - [2]
2020-12-02 18:42:23.235 TRACE 10076 --- [    Test worker] o.h.type.descriptor.sql.BasicExtractor   : extracted value ([create_d2_0_] : [TIMESTAMP]) - [2020-12-02T18:42:23.231851]
2020-12-02 18:42:23.235 TRACE 10076 --- [    Test worker] o.h.type.descriptor.sql.BasicExtractor   : extracted value ([modified3_0_] : [TIMESTAMP]) - [2020-12-02T18:42:23.231851]
2020-12-02 18:42:23.236 TRACE 10076 --- [    Test worker] o.h.type.descriptor.sql.BasicExtractor   : extracted value ([author4_0_] : [VARCHAR]) - [author]
2020-12-02 18:42:23.236 TRACE 10076 --- [    Test worker] o.h.type.descriptor.sql.BasicExtractor   : extracted value ([content5_0_] : [VARCHAR]) - [content]
2020-12-02 18:42:23.236 TRACE 10076 --- [    Test worker] o.h.type.descriptor.sql.BasicExtractor   : extracted value ([title6_0_] : [VARCHAR]) - [title]
>>>>>>> createDate=2020-12-02T18:42:23.231851, modifiedDate=2020-12-02T18:42:23.231851
Hibernate: 
    /* select
        generatedAlias0 
    from
        Posts as generatedAlias0 */ select
            posts0_.id as id1_0_,
            posts0_.create_date as create_d2_0_,
            posts0_.modified_date as modified3_0_,
            posts0_.author as author4_0_,
            posts0_.content as content5_0_,
            posts0_.title as title6_0_ 
        from
            posts posts0_
2020-12-02 18:42:23.239 TRACE 10076 --- [    Test worker] o.h.type.descriptor.sql.BasicExtractor   : extracted value ([id1_0_] : [BIGINT]) - [2]
2020-12-02 18:42:23.239 TRACE 10076 --- [    Test worker] o.h.type.descriptor.sql.BasicExtractor   : extracted value ([create_d2_0_] : [TIMESTAMP]) - [2020-12-02T18:42:23.231851]
2020-12-02 18:42:23.239 TRACE 10076 --- [    Test worker] o.h.type.descriptor.sql.BasicExtractor   : extracted value ([modified3_0_] : [TIMESTAMP]) - [2020-12-02T18:42:23.231851]
2020-12-02 18:42:23.239 TRACE 10076 --- [    Test worker] o.h.type.descriptor.sql.BasicExtractor   : extracted value ([author4_0_] : [VARCHAR]) - [author]
2020-12-02 18:42:23.239 TRACE 10076 --- [    Test worker] o.h.type.descriptor.sql.BasicExtractor   : extracted value ([content5_0_] : [VARCHAR]) - [content]
2020-12-02 18:42:23.240 TRACE 10076 --- [    Test worker] o.h.type.descriptor.sql.BasicExtractor   : extracted value ([title6_0_] : [VARCHAR]) - [title]
Hibernate: 
    /* delete com.tumblebuck.domain.posts.Posts */ delete 
        from
            posts 
        where
            id=?
2020-12-02 18:42:23.241 TRACE 10076 --- [    Test worker] o.h.type.descriptor.sql.BasicBinder      : binding parameter [1] as [BIGINT] - [2]
]]></system-out>
  <system-err><![CDATA[]]></system-err>
</testsuite>
